<?xml version="1.0" encoding="UTF-8"?>
<testsuite xmlns:xsi="http://www.w3.org/2001/XMLSchema-instance" xsi:noNamespaceSchemaLocation="https://maven.apache.org/surefire/maven-surefire-plugin/xsd/surefire-test-report.xsd" version="3.0.1" name="com.sathish.runner.TestRunner" time="25.586" tests="2" errors="0" skipped="0" failures="0">
  <properties>
[...]
</properties>
  <testcase name="runScenario[&quot;Login with valid credentials&quot;, &quot;Login Functionality on The Internet App&quot;](1)" classname="com.sathish.runner.TestRunner" time="14.028">
    <system-out><![CDATA[
Scenario: Login with valid credentials         # src/test/resources/features/Login.feature:3
  Given I open the login page                  # com.sathish.stepdefs.LoginSteps.iOpenTheLoginPage()
  When I enter the valid username and password # com.sathish.stepdefs.LoginSteps.iEnterValidCredentials()
  Then I should see the secure area            # com.sathish.stepdefs.LoginSteps.iShouldSeeTheSecureArea()
]]></system-out>
    <system-err><![CDATA[SLF4J: Failed to load class "org.slf4j.impl.StaticLoggerBinder".
SLF4J: Defaulting to no-operation (NOP) logger implementation
SLF4J: See http://www.slf4j.org/codes.html#StaticLoggerBinder for further details.
Dec 27, 2024 9:03:37 PM org.openqa.selenium.devtools.CdpVersionFinder findNearestMatch
WARNING: Unable to find CDP implementation matching 131
Dec 27, 2024 9:03:37 PM org.openqa.selenium.chromium.ChromiumDriver lambda$new$5
WARNING: Unable to find version of CDP to use for 131.0.6778.205. You may need to include a dependency on a specific version of the CDP using something similar to `org.seleniumhq.selenium:selenium-devtools-v86:4.12.0` where the version ("v86") matches the version of the chromium-based browser you're using and the version number of the artifact is the same as Selenium's.
]]></system-err>
  </testcase>
  <testcase name="runScenario[&quot;Login with invalid credentials&quot;, &quot;Login Functionality on The Internet App&quot;](2)" classname="com.sathish.runner.TestRunner" time="8.952">
    <system-out><![CDATA[
Scenario: Login with invalid credentials        # src/test/resources/features/Login.feature:8
  Given I open the login page                   # com.sathish.stepdefs.LoginSteps.iOpenTheLoginPage()
  When I enter an invalid username and password # com.sathish.stepdefs.LoginSteps.iEnterInvalidCredentials()
  Then I should see an error message            # com.sathish.stepdefs.LoginSteps.iShouldSeeErrorMessage()
]]></system-out>
    <system-err><![CDATA[Dec 27, 2024 9:03:47 PM org.openqa.selenium.devtools.CdpVersionFinder findNearestMatch
WARNING: Unable to find CDP implementation matching 131
Dec 27, 2024 9:03:47 PM org.openqa.selenium.chromium.ChromiumDriver lambda$new$5
WARNING: Unable to find version of CDP to use for 131.0.6778.205. You may need to include a dependency on a specific version of the CDP using something similar to `org.seleniumhq.selenium:selenium-devtools-v86:4.12.0` where the version ("v86") matches the version of the chromium-based browser you're using and the version number of the artifact is the same as Selenium's.
]]></system-err>
  </testcase>
</testsuite>